[debug] [2023-01-13T03:54:21.875Z] ----------------------------------------------------------------------
[debug] [2023-01-13T03:54:21.877Z] Command:       E:\nodejs\node.exe C:\Users\minkl\AppData\Roaming\npm\node_modules\firebase-tools\lib\bin\firebase.js init
[debug] [2023-01-13T03:54:21.878Z] CLI Version:   11.20.0
[debug] [2023-01-13T03:54:21.878Z] Platform:      win32
[debug] [2023-01-13T03:54:21.878Z] Node Version:  v18.10.0
[debug] [2023-01-13T03:54:21.936Z] Time:          Fri Jan 13 2023 10:54:21 GMT+0700 (Indochina Time)
[debug] [2023-01-13T03:54:21.937Z] ----------------------------------------------------------------------
[debug] 
[debug] [2023-01-13T03:54:21.947Z] > command requires scopes: ["email","openid","https://www.googleapis.com/auth/cloudplatformprojects.readonly","https://www.googleapis.com/auth/firebase","https://www.googleapis.com/auth/cloud-platform"]
[debug] [2023-01-13T03:54:21.947Z] > authorizing via signed-in user (longkakainfo@gmail.com)
[info] 
     ######## #### ########  ######## ########     ###     ######  ########
     ##        ##  ##     ## ##       ##     ##  ##   ##  ##       ##
     ######    ##  ########  ######   ########  #########  ######  ######
     ##        ##  ##    ##  ##       ##     ## ##     ##       ## ##
     ##       #### ##     ## ######## ########  ##     ##  ######  ########

You're about to initialize a Firebase project in this directory:

  F:\PROJECT\DoAnTotNghiep\template-ttpm\doanns(version1.0)

[info] 
=== Project Setup
[info] 
[info] First, let's associate this project directory with a Firebase project.
[info] You can create multiple project aliases by running firebase use --add, 
[info] but for now we'll just set up a default project.
[info] 
[debug] [2023-01-13T03:55:23.380Z] > refreshing access token with scopes: []
[debug] [2023-01-13T03:55:23.383Z] >>> [apiv2][query] POST https://www.googleapis.com/oauth2/v3/token [none]
[debug] [2023-01-13T03:55:23.383Z] >>> [apiv2][body] POST https://www.googleapis.com/oauth2/v3/token [omitted]
[debug] [2023-01-13T03:55:23.851Z] <<< [apiv2][status] POST https://www.googleapis.com/oauth2/v3/token 200
[debug] [2023-01-13T03:55:23.851Z] <<< [apiv2][body] POST https://www.googleapis.com/oauth2/v3/token [omitted]
[debug] [2023-01-13T03:55:23.897Z] >>> [apiv2][query] GET https://firebase.googleapis.com/v1beta1/projects pageSize=100
[debug] [2023-01-13T03:55:24.620Z] <<< [apiv2][status] GET https://firebase.googleapis.com/v1beta1/projects 200
[debug] [2023-01-13T03:55:24.620Z] <<< [apiv2][body] GET https://firebase.googleapis.com/v1beta1/projects [omitted]
[info] i  Using project hoso-nhansu (Hoso-nhansu ) 
[info] 
=== Hosting Setup
[info] 
[info] Your public directory is the folder (relative to your project directory) that
[info] will contain Hosting assets to be uploaded with firebase deploy. If you
[info] have a build process for your assets, use your build's output directory.
[info] 
[debug] [2023-01-13T03:56:58.879Z] >>> [apiv2][query] GET https://www.gstatic.com/firebasejs/releases.json [none]
[debug] [2023-01-13T03:56:59.132Z] <<< [apiv2][status] GET https://www.gstatic.com/firebasejs/releases.json 200
[debug] [2023-01-13T03:56:59.133Z] <<< [apiv2][body] GET https://www.gstatic.com/firebasejs/releases.json {"current":{"version":"9.15.0","browserURL":"https://www.gstatic.com/firebasejs/9.15.0/firebase.js","packageURL":"https://www.gstatic.com/firebasejs/9.15.0/firebase.tgz"},"live":{"version":"9.15","browserURL":"https://www.gstatic.com/firebasejs/live/9.15/firebase.js","packageURL":"https://www.gstatic.com/firebasejs/live/9.15/firebase.tgz"},"components":{"analytics":"https://www.gstatic.com/firebasejs/9.15.0/firebase-analytics.js","app":"https://www.gstatic.com/firebasejs/9.15.0/firebase-app.js","app-check":"https://www.gstatic.com/firebasejs/9.15.0/firebase-app-check.js","auth":"https://www.gstatic.com/firebasejs/9.15.0/firebase-auth.js","auth/cordova":"https://www.gstatic.com/firebasejs/9.15.0/firebase-auth/cordova.js","auth/react-native":"https://www.gstatic.com/firebasejs/9.15.0/firebase-auth/react-native.js","functions":"https://www.gstatic.com/firebasejs/9.15.0/firebase-functions.js","firestore":"https://www.gstatic.com/firebasejs/9.15.0/firebase-firestore.js","firestore/lite":"https://www.gstatic.com/firebasejs/9.15.0/firebase-firestore/lite.js","installations":"https://www.gstatic.com/firebasejs/9.15.0/firebase-installations.js","storage":"https://www.gstatic.com/firebasejs/9.15.0/firebase-storage.js","performance":"https://www.gstatic.com/firebasejs/9.15.0/firebase-performance.js","remote-config":"https://www.gstatic.com/firebasejs/9.15.0/firebase-remote-config.js","messaging":"https://www.gstatic.com/firebasejs/9.15.0/firebase-messaging.js","messaging/sw":"https://www.gstatic.com/firebasejs/9.15.0/firebase-messaging/sw.js","database":"https://www.gstatic.com/firebasejs/9.15.0/firebase-database.js","firestore.memory":"https://www.gstatic.com/firebasejs/9.15.0/firebase-firestore.memory.js"}}
[info] +  Wrote dis/app-deploy/index.html 
[info] 
[info] i  Didn't detect a .git folder. Assuming F:\PROJECT\DoAnTotNghiep\template-ttpm\doanns(version1.0) is the project root. 
[info] i  Authorizing with GitHub to upload your service account to a GitHub repository's secrets store. 
[info] 
[info] Visit this URL on this device to log in:
[info] https://github.com/login/oauth/authorize?client_id=89cf50f02ac6aaed3484&state=942173774&redirect_uri=http%3A%2F%2Flocalhost%3A9005&scope=read%3Auser%20repo%20public_repo
[info] 
[info] Waiting for authentication...
[debug] [2023-01-13T03:57:10.433Z] >>> [apiv2][query] POST https://github.com/login/oauth/access_token [none]
[debug] [2023-01-13T03:57:10.434Z] >>> [apiv2][body] POST https://github.com/login/oauth/access_token [stream]
[debug] [2023-01-13T03:57:10.984Z] <<< [apiv2][status] POST https://github.com/login/oauth/access_token 200
[debug] [2023-01-13T03:57:10.985Z] <<< [apiv2][body] POST https://github.com/login/oauth/access_token {"access_token":"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","token_type":"bearer","scope":"read:user,repo"}
[debug] [2023-01-13T03:57:11.002Z] >>> [apiv2][query] GET https://api.github.com/user [none]
[debug] [2023-01-13T03:57:11.545Z] <<< [apiv2][status] GET https://api.github.com/user 200
[debug] [2023-01-13T03:57:11.545Z] <<< [apiv2][body] GET https://api.github.com/user {"login":"longtnvn124","id":81324446,"node_id":"MDQ6VXNlcjgxMzI0NDQ2","avatar_url":"https://avatars.githubusercontent.com/u/81324446?v=4","gravatar_id":"","url":"https://api.github.com/users/longtnvn124","html_url":"https://github.com/longtnvn124","followers_url":"https://api.github.com/users/longtnvn124/followers","following_url":"https://api.github.com/users/longtnvn124/following{/other_user}","gists_url":"https://api.github.com/users/longtnvn124/gists{/gist_id}","starred_url":"https://api.github.com/users/longtnvn124/starred{/owner}{/repo}","subscriptions_url":"https://api.github.com/users/longtnvn124/subscriptions","organizations_url":"https://api.github.com/users/longtnvn124/orgs","repos_url":"https://api.github.com/users/longtnvn124/repos","events_url":"https://api.github.com/users/longtnvn124/events{/privacy}","received_events_url":"https://api.github.com/users/longtnvn124/received_events","type":"User","site_admin":false,"name":null,"company":null,"blog":"","location":null,"email":null,"hireable":null,"bio":null,"twitter_username":null,"public_repos":29,"public_gists":0,"followers":0,"following":0,"created_at":"2021-03-24T18:04:28Z","updated_at":"2023-01-06T09:03:54Z","private_gists":0,"total_private_repos":0,"owned_private_repos":0,"disk_usage":294542,"collaborators":0,"two_factor_authentication":false,"plan":{"name":"free","space":976562499,"collaborators":0,"private_repos":10000}}
[info] 
[info] +  Success! Logged into GitHub as longtnvn124 
[info] 
[debug] [2023-01-13T03:57:35.913Z] >>> [apiv2][query] GET https://api.github.com/repos/user/repository/actions/secrets/public-key type=owner
[debug] [2023-01-13T03:57:36.354Z] <<< [apiv2][status] GET https://api.github.com/repos/user/repository/actions/secrets/public-key 404
[debug] [2023-01-13T03:57:36.354Z] <<< [apiv2][body] GET https://api.github.com/repos/user/repository/actions/secrets/public-key {"message":"Not Found","documentation_url":"https://docs.github.com/rest/reference/actions#get-a-repository-public-key"}
[debug] [2023-01-13T03:57:42.717Z] >>> [apiv2][query] GET https://api.github.com/repos/user/repository/actions/secrets/public-key type=owner
[debug] [2023-01-13T03:57:43.652Z] <<< [apiv2][status] GET https://api.github.com/repos/user/repository/actions/secrets/public-key 404
[debug] [2023-01-13T03:57:43.652Z] <<< [apiv2][body] GET https://api.github.com/repos/user/repository/actions/secrets/public-key {"message":"Not Found","documentation_url":"https://docs.github.com/rest/reference/actions#get-a-repository-public-key"}
[debug] [2023-01-13T03:58:17.387Z] >>> [apiv2][query] GET https://api.github.com/repos/user/hoso-nhansu/actions/secrets/public-key type=owner
[debug] [2023-01-13T03:58:17.864Z] <<< [apiv2][status] GET https://api.github.com/repos/user/hoso-nhansu/actions/secrets/public-key 404
[debug] [2023-01-13T03:58:17.864Z] <<< [apiv2][body] GET https://api.github.com/repos/user/hoso-nhansu/actions/secrets/public-key {"message":"Not Found","documentation_url":"https://docs.github.com/rest/reference/actions#get-a-repository-public-key"}
[debug] [2023-01-13T03:58:19.966Z] >>> [apiv2][query] GET https://api.github.com/repos/user/hoso-nhansu/actions/secrets/public-key type=owner
[debug] [2023-01-13T03:58:20.243Z] >>> [apiv2][query] GET https://api.github.com/repos//actions/secrets/public-key type=owner
[debug] [2023-01-13T03:58:20.422Z] >>> [apiv2][query] GET https://api.github.com/repos//actions/secrets/public-key type=owner
[debug] [2023-01-13T03:58:20.430Z] <<< [apiv2][status] GET https://api.github.com/repos/user/hoso-nhansu/actions/secrets/public-key 404
[debug] [2023-01-13T03:58:20.431Z] <<< [apiv2][body] GET https://api.github.com/repos/user/hoso-nhansu/actions/secrets/public-key {"message":"Not Found","documentation_url":"https://docs.github.com/rest/reference/actions#get-a-repository-public-key"}
[debug] [2023-01-13T03:58:20.580Z] >>> [apiv2][query] GET https://api.github.com/repos/user/hoso-nhansu/actions/secrets/public-key type=owner
[debug] [2023-01-13T03:58:20.673Z] <<< [apiv2][status] GET https://api.github.com/repos//actions/secrets/public-key 404
[debug] [2023-01-13T03:58:20.674Z] <<< [apiv2][body] GET https://api.github.com/repos//actions/secrets/public-key {"message":"Not Found","documentation_url":"https://docs.github.com/rest"}
[debug] [2023-01-13T03:58:20.750Z] >>> [apiv2][query] GET https://api.github.com/repos//actions/secrets/public-key type=owner
[debug] [2023-01-13T03:58:20.895Z] <<< [apiv2][status] GET https://api.github.com/repos//actions/secrets/public-key 404
[debug] [2023-01-13T03:58:20.895Z] <<< [apiv2][body] GET https://api.github.com/repos//actions/secrets/public-key {"message":"Not Found","documentation_url":"https://docs.github.com/rest"}
[debug] [2023-01-13T03:58:20.915Z] >>> [apiv2][query] GET https://api.github.com/repos//actions/secrets/public-key type=owner
[debug] [2023-01-13T03:58:21.030Z] <<< [apiv2][status] GET https://api.github.com/repos/user/hoso-nhansu/actions/secrets/public-key 404
[debug] [2023-01-13T03:58:21.030Z] <<< [apiv2][body] GET https://api.github.com/repos/user/hoso-nhansu/actions/secrets/public-key {"message":"Not Found","documentation_url":"https://docs.github.com/rest/reference/actions#get-a-repository-public-key"}
[debug] [2023-01-13T03:58:21.087Z] >>> [apiv2][query] GET https://api.github.com/repos/user/hoso-nhansu/actions/secrets/public-key type=owner
[debug] [2023-01-13T03:58:21.245Z] >>> [apiv2][query] GET https://api.github.com/repos//actions/secrets/public-key type=owner
[debug] [2023-01-13T03:58:21.263Z] <<< [apiv2][status] GET https://api.github.com/repos//actions/secrets/public-key 404
[debug] [2023-01-13T03:58:21.263Z] <<< [apiv2][body] GET https://api.github.com/repos//actions/secrets/public-key {"message":"Not Found","documentation_url":"https://docs.github.com/rest"}
[debug] [2023-01-13T03:58:21.399Z] <<< [apiv2][status] GET https://api.github.com/repos//actions/secrets/public-key 404
[debug] [2023-01-13T03:58:21.399Z] <<< [apiv2][body] GET https://api.github.com/repos//actions/secrets/public-key {"message":"Not Found","documentation_url":"https://docs.github.com/rest"}
[debug] [2023-01-13T03:58:21.413Z] >>> [apiv2][query] GET https://api.github.com/repos//actions/secrets/public-key type=owner
[debug] [2023-01-13T03:58:21.558Z] >>> [apiv2][query] GET https://api.github.com/repos//actions/secrets/public-key type=owner
[debug] [2023-01-13T03:58:21.674Z] <<< [apiv2][status] GET https://api.github.com/repos//actions/secrets/public-key 404
[debug] [2023-01-13T03:58:21.674Z] <<< [apiv2][body] GET https://api.github.com/repos//actions/secrets/public-key {"message":"Not Found","documentation_url":"https://docs.github.com/rest"}
[debug] [2023-01-13T03:58:21.720Z] >>> [apiv2][query] GET https://api.github.com/repos//actions/secrets/public-key type=owner
[debug] [2023-01-13T03:58:21.849Z] <<< [apiv2][status] GET https://api.github.com/repos//actions/secrets/public-key 404
[debug] [2023-01-13T03:58:21.849Z] <<< [apiv2][body] GET https://api.github.com/repos//actions/secrets/public-key {"message":"Not Found","documentation_url":"https://docs.github.com/rest"}
[debug] [2023-01-13T03:58:21.884Z] >>> [apiv2][query] GET https://api.github.com/repos//actions/secrets/public-key type=owner
[debug] [2023-01-13T03:58:21.982Z] <<< [apiv2][status] GET https://api.github.com/repos//actions/secrets/public-key 404
[debug] [2023-01-13T03:58:21.982Z] <<< [apiv2][body] GET https://api.github.com/repos//actions/secrets/public-key {"message":"Not Found","documentation_url":"https://docs.github.com/rest"}
[debug] [2023-01-13T03:58:22.145Z] <<< [apiv2][status] GET https://api.github.com/repos//actions/secrets/public-key 404
[debug] [2023-01-13T03:58:22.146Z] <<< [apiv2][body] GET https://api.github.com/repos//actions/secrets/public-key {"message":"Not Found","documentation_url":"https://docs.github.com/rest"}
[debug] [2023-01-13T03:58:22.312Z] <<< [apiv2][status] GET https://api.github.com/repos//actions/secrets/public-key 404
[debug] [2023-01-13T03:58:22.312Z] <<< [apiv2][body] GET https://api.github.com/repos//actions/secrets/public-key {"message":"Not Found","documentation_url":"https://docs.github.com/rest"}
[debug] [2023-01-13T03:58:22.640Z] <<< [apiv2][status] GET https://api.github.com/repos/user/hoso-nhansu/actions/secrets/public-key 404
[debug] [2023-01-13T03:58:22.641Z] <<< [apiv2][body] GET https://api.github.com/repos/user/hoso-nhansu/actions/secrets/public-key {"message":"Not Found","documentation_url":"https://docs.github.com/rest/reference/actions#get-a-repository-public-key"}
[debug] [2023-01-13T03:58:31.612Z] >>> [apiv2][query] GET https://api.github.com/repos/format/actions/secrets/public-key type=owner
[debug] [2023-01-13T03:58:32.494Z] <<< [apiv2][status] GET https://api.github.com/repos/format/actions/secrets/public-key 404
[debug] [2023-01-13T03:58:32.495Z] <<< [apiv2][body] GET https://api.github.com/repos/format/actions/secrets/public-key {"message":"Not Found","documentation_url":"https://docs.github.com/rest"}
[debug] [2023-01-13T03:58:33.259Z] >>> [apiv2][query] GET https://api.github.com/repos/format/actions/secrets/public-key type=owner
[debug] [2023-01-13T03:58:33.554Z] >>> [apiv2][query] GET https://api.github.com/repos//actions/secrets/public-key type=owner
[debug] [2023-01-13T03:58:33.711Z] <<< [apiv2][status] GET https://api.github.com/repos/format/actions/secrets/public-key 404
[debug] [2023-01-13T03:58:33.711Z] <<< [apiv2][body] GET https://api.github.com/repos/format/actions/secrets/public-key {"message":"Not Found","documentation_url":"https://docs.github.com/rest"}
[debug] [2023-01-13T03:58:33.983Z] <<< [apiv2][status] GET https://api.github.com/repos//actions/secrets/public-key 404
[debug] [2023-01-13T03:58:33.983Z] <<< [apiv2][body] GET https://api.github.com/repos//actions/secrets/public-key {"message":"Not Found","documentation_url":"https://docs.github.com/rest"}
